1 to 19
2 to 32
3 to 34
4 to 28
5 to 25
6 to 7
7 to 18
8 to 21
9 to 36
10 to 50
11 to 22
12 to 13
13 to 15
14 to 14
15 to 30
16 to 27
17 to 39
18 to 2
19 to 38
20 to 11
21 to 26
22 to 42
23 to 40
24 to 44
25 to 16
26 to 49
27 to 47
28 to 5
29 to 4
30 to 1
31 to 3
32 to 23
33 to 35
34 to 12
35 to 31
36 to 48
37 to 29
38 to 17
39 to 6
40 to 9
41 to 46
42 to 43
43 to 45
44 to 24
45 to 33
46 to 41
47 to 37
48 to 8
49 to 20
50 to 10
BREAK
0 0 0
1 1 1
2 2 2
3 34 3
4 46 37
5 43 23
6 6 6
7 38 26
8 10 46
9 30 0
10 19 8
11 25 11
12 12 12
13 13 13
14 14 14
15 3 15
16 48 17
17 16 48
18 18 18
19 28 10
20 49 40
21 15 21
22 45 22
23 5 43
24 44 39
25 29 25
26 7 38
27 40 28
28 27 19
29 33 29
30 0 0
31 31 31
32 41 32
33 11 33
34 21 34
35 0 0
36 36 36
37 4 49
38 26 7
39 24 44
40 20 27
41 32 41
42 42 42
43 23 5
44 39 24
45 22 45
46 8 4
47 47 47
48 17 16
49 37 20
50 35 0
51 9 0
52 50 0
53 51 0
54 52 0
55 53 0
56 54 0
57 55 0
58 56 0
59 57 0
60 58 0
61 59 0
62 60 0
63 61 0
64 62 0
65 63 0
66 64 0
67 65 0
68 66 0
69 67 0
70 68 0
71 69 0
72 70 0
73 71 0
74 72 0
75 73 0
76 74 0
77 75 0
78 76 0
79 77 0
80 78 0
81 79 0
82 80 0
83 81 0
84 82 0
85 83 0
86 84 0
87 85 0
88 86 0
89 87 0
90 88 0
91 89 0
92 90 0
93 91 0
94 92 0
95 93 0
96 94 0
97 95 0
98 96 0
99 97 0
100 98 0

